#
# There is insufficient memory for the Java Runtime Environment to continue.
# Native memory allocation (malloc) failed to allocate 65136 bytes for Chunk::new
# Possible reasons:
#   The system is out of physical RAM or swap space
#   The process is running with CompressedOops enabled, and the Java Heap may be blocking the growth of the native heap
# Possible solutions:
#   Reduce memory load on the system
#   Increase physical memory or swap space
#   Check if swap backing store is full
#   Decrease Java heap size (-Xmx/-Xms)
#   Decrease number of Java threads
#
#  
]|0x00000000a8000000, 0x00000000a8000000, 0x00000000a8100000|  0%| F|  |TAMS 0x00000000a8000000, 0x00000000a8000000| Untracked 
| 111|0x00000000a8100000, 0x00000000a8100000, 0x00000000a8200000|  0%| F|  |TAMS 0x00000000a8100000, 0x00000000a8100000| Untracked 
| 112|0x00000000a8200000, 0x00000000a8200000, 0x00000000a8300000|  0%| F|  |TAMS 0x00000000a8200000, 0x00000000a8200000| Untracked 
| 113|0x00000000a8300000, 0x00000000a8300000, 0x00000000a8400000|  0%| F|  |TAMS 0x00000000a8300000, 0x00000000a8300000| Untracked 
| 114|0x00000000a8400000, 0x00000000a8400000, 0x00000000a8500000|  0%| F|  |TAMS 0x00000000a8400000, 0x00000000a8400000| Untracked 
| 115|0x00000000a8500000, 0x00000000a8500000, 0x00000000a8600000|  0%| F|  |TAMS 0x00000000a8500000, 0x00000000a8500000| Untracked 
| 116|0x00000000a8600000, 0x00000000a8600000, 0x00000000a8700000|  0%| F|  |TAMS 0x00000000a8600000, 0x00000000a8600000| Untracked 
| 117|0x00000000a8700000, 0x00000000a8700000, 0x00000000a8800000|  0%| F|  |TAMS 0x00000000a8700000, 0x00000000a8700000| Untracked 
| 118|0x00000000a8800000, 0x00000000a8800000, 0x00000000a8900000|  0%| F|  |TAMS 0x00000000a8800000, 0x00000000a8800000| Untracked 
| 119|0x00000000a8900000, 0x00000000a8900000, 0x00000000a8a00000|  0%| F|  |TAMS 0x00000000a8900000, 0x00000000a8900000| Untracked 
| 120|0x00000000a8a00000, 0x00000000a8a00000, 0x00000000a8b00000|  0%| F|  |TAMS 0x00000000a8a00000, 0x00000000a8a00000| Untracked 
| 121|0x00000000a8b00000, 0x00000000a8b00000, 0x00000000a8c00000|  0%| F|  |TAMS 0x00000000a8b00000, 0x00000000a8b00000| Untracked 
| 122|0x00000000a8c00000, 0x00000000a8c00000, 0x00000000a8d00000|  0%| F|  |TAMS 0x00000000a8c00000, 0x00000000a8c00000| Untracked 
| 123|0x00000000a8d00000, 0x00000000a8d00000, 0x00000000a8e00000|  0%| F|  |TAMS 0x00000000a8d00000, 0x00000000a8d00000| Untracked 
| 124|0x00000000a8e00000, 0x00000000a8e00000, 0x00000000a8f00000|  0%| F|  |TAMS 0x00000000a8e00000, 0x00000000a8e00000| Untracked 
| 125|0x00000000a8f00000, 0x00000000a8f00000, 0x00000000a9000000|  0%| F|  |TAMS 0x00000000a8f00000, 0x00000000a8f00000| Untracked 
| 126|0x00000000a9000000, 0x00000000a9000000, 0x00000000a9100000|  0%| F|  |TAMS 0x00000000a9000000, 0x00000000a9000000| Untracked 
| 127|0x00000000a9100000, 0x00000000a9100000, 0x00000000a9200000|  0%| F|  |TAMS 0x00000000a9100000, 0x00000000a9100000| Untracked 
| 128|0x00000000a9200000, 0x00000000a9200000, 0x00000000a9300000|  0%| F|  |TAMS 0x00000000a9200000, 0x00000000a9200000| Untracked 
| 129|0x00000000a9300000, 0x00000000a9300000, 0x00000000a9400000|  0%| F|  |TAMS 0x00000000a9300000, 0x00000000a9300000| Untracked 
| 130|0x00000000a9400000, 0x00000000a9400000, 0x00000000a9500000|  0%| F|  |TAMS 0x00000000a9400000, 0x00000000a9400000| Untracked 
| 131|0x00000000a9500000, 0x00000000a9500000, 0x00000000a9600000|  0%| F|  |TAMS 0x00000000a9500000, 0x00000000a9500000| Untracked 
| 132|0x00000000a9600000, 0x00000000a9600000, 0x00000000a9700000|  0%| F|  |TAMS 0x00000000a9600000, 0x00000000a9600000| Untracked 
| 133|0x00000000a9700000, 0x00000000a9700000, 0x00000000a9800000|  0%| F|  |TAMS 0x00000000a9700000, 0x00000000a9700000| Untracked 
| 134|0x00000000a9800000, 0x00000000a9800000, 0x00000000a9900000|  0%| F|  |TAMS 0x00000000a9800000, 0x00000000a9800000| Untracked 
| 135|0x00000000a9900000, 0x00000000a9900000, 0x00000000a9a00000|  0%| F|  |TAMS 0x00000000a9900000, 0x00000000a9900000| Untracked 
| 136|0x00000000a9a00000, 0x00000000a9a00000, 0x00000000a9b00000|  0%| F|  |TAMS 0x00000000a9a00000, 0x00000000a9a00000| Untracked 
| 137|0x00000000a9b00000, 0x00000000a9b00000, 0x00000000a9c00000|  0%| F|  |TAMS 0x00000000a9b00000, 0x00000000a9b00000| Untracked 
| 138|0x00000000a9c00000, 0x00000000a9c00000, 0x00000000a9d00000|  0%| F|  |TAMS 0x00000000a9c00000, 0x00000000a9c00000| Untracked 
| 139|0x00000000a9d00000, 0x00000000a9d00000, 0x00000000a9e00000|  0%| F|  |TAMS 0x00000000a9d00000, 0x00000000a9d00000| Untracked 
| 140|0x00000000a9e00000, 0x00000000a9f00000, 0x00000000a9f00000|100%| E|  |TAMS 0x00000000a9e00000, 0x00000000a9e00000| Complete 
| 141|0x00000000a9f00000, 0x00000000aa000000, 0x00000000aa000000|100%| E|CS|TAMS 0x00000000a9f00000, 0x00000000a9f00000| Complete 
| 142|0x00000000aa000000, 0x00000000aa100000, 0x00000000aa100000|100%| E|CS|TAMS 0x00000000aa000000, 0x00000000aa000000| Complete 
| 143|0x00000000aa100000, 0x00000000aa200000, 0x00000000aa200000|100%| E|CS|TAMS 0x00000000aa100000, 0x00000000aa100000| Complete 
| 144|0x00000000aa200000, 0x00000000aa300000, 0x00000000aa300000|100%| E|CS|TAMS 0x00000000aa200000, 0x00000000aa200000| Complete 
| 145|0x00000000aa300000, 0x00000000aa400000, 0x00000000aa400000|100%| E|CS|TAMS 0x00000000aa300000, 0x00000000aa300000| Complete 
| 146|0x00000000aa400000, 0x00000000aa500000, 0x00000000aa500000|100%| E|CS|TAMS 0x00000000aa400000, 0x00000000aa400000| Complete 
| 147|0x00000000aa500000, 0x00000000aa600000, 0x00000000aa600000|100%| E|CS|TAMS 0x00000000aa500000, 0x00000000aa500000| Complete 
| 148|0x00000000aa600000, 0x00000000aa700000, 0x00000000aa700000|100%| E|CS|TAMS 0x00000000aa600000, 0x00000000aa600000| Complete 
| 149|0x00000000aa700000, 0x00000000aa800000, 0x00000000aa800000|100%| E|CS|TAMS 0x00000000aa700000, 0x00000000aa700000| Complete 
| 150|0x00000000aa800000, 0x00000000aa900000, 0x00000000aa900000|100%| E|CS|TAMS 0x00000000aa800000, 0x00000000aa800000| Complete 
| 151|0x00000000aa900000, 0x00000000aaa00000, 0x00000000aaa00000|100%| E|CS|TAMS 0x00000000aa900000, 0x00000000aa900000| Complete 
| 152|0x00000000aaa00000, 0x00000000aab00000, 0x00000000aab00000|100%| E|CS|TAMS 0x00000000aaa00000, 0x00000000aaa00000| Complete 
| 153|0x00000000aab00000, 0x00000000aac00000, 0x00000000aac00000|100%| E|CS|TAMS 0x00000000aab00000, 0x00000000aab00000| Complete 
| 154|0x00000000aac00000, 0x00000000aad00000, 0x00000000aad00000|100%| E|CS|TAMS 0x00000000aac00000, 0x00000000aac00000| Complete 
| 155|0x00000000aad00000, 0x00000000aae00000, 0x00000000aae00000|100%| E|CS|TAMS 0x00000000aad00000, 0x00000000aad00000| Complete 
| 167|0x00000000ab900000, 0x00000000aba00000, 0x00000000aba00000|100%| E|CS|TAMS 0x00000000ab900000, 0x00000000ab900000| Complete 

Card table byte_map: [0x0000021f1d430000,0x0000021f1d730000] _byte_map_base: 0x0000021f1cf27000

Marking Bits (Prev, Next): (CMBitMap*) 0x0000021f06bc6130, (CMBitMap*) 0x0000021f06bc6170
 Prev Bits: [0x0000021f1da30000, 0x0000021f1f1e8000)
 Next Bits: [0x0000021f1f1f0000, 0x0000021f209a8000)

Polling page: 0x0000021f04980000

Metaspace:

Usage:
  Non-class:     63.89 MB used.
      Class:     10.43 MB used.
       Both:     74.33 MB used.

Virtual space:
  Non-class space:      128.00 MB reserved,      64.25 MB ( 50%) committed,  2 nodes.
      Class space:        1.00 GB reserved,      10.69 MB (  1%) committed,  1 nodes.
             Both:        1.12 GB reserved,      74.94 MB (  7%) committed. 

Chunk freelists:
   Non-Class:  14.92 MB
       Class:  5.14 MB
        Both:  20.06 MB

MaxMetaspaceSize: unlimited
CompressedClassSpaceSize: 1.00 GB
Initial GC threshold: 21.00 MB
Current GC threshold: 115.88 MB
CDS: on
MetaspaceReclaimPolicy: balanced
 - commit_granule_bytes: 65536.
 - commit_granule_words: 8192.
 - virtual_space_node_default_size: 8388608.
 - enlarge_chunks_in_place: 1.
 - new_chunks_are_fully_committed: 0.
 - uncommit_free_chunks: 1.
 - use_allocation_guard: 0.
 - handle_deallocations: 1.


Internal statistics:

num_allocs_failed_limit: 6.
num_arena_births: 908.
num_arena_deaths: 2.
num_vsnodes_births: 3.
num_vsnodes_deaths: 0.
num_space_committed: 1199.
num_space_uncommitted: 0.
num_chunks_returned_to_freelist: 9.
num_chunks_taken_from_freelist: 3791.
num_chunk_merges: 6.
num_chunk_splits: 2741.
num_chunks_enlarged: 2128.
num_inconsistent_stats: 0.

CodeHeap 'non-profiled nmethods': size=120064Kb used=4481Kb max_used=5550Kb free=115582Kb
 bounds [0x0000021f15ef0000, 0x0000021f16460000, 0x0000021f1d430000]
CodeHeap 'profiled nmethods': size=120000Kb used=13712Kb max_used=14708Kb free=106287Kb
 bounds [0x0000021f0e430000, 0x0000021f0f2a0000, 0x0000021f15960000]
CodeHeap 'non-nmethods': size=5696Kb used=1347Kb max_used=1405Kb free=4348Kb
 bounds [0x0000021f15960000, 0x0000021f15bd0000, 0x0000021f15ef0000]
 total_blobs=7722 nmethods=7038 adapters=592
 compilation: enabled
              stopped_count=0, restarted_count=0
 full_count=0

Compilation events (20 events):
Event: 87.018 Thread 0x0000021f22d32600 nmethod 8407 0x0000021f0e5c3810 code [0x0000021f0e5c3a60, 0x0000021f0e5c4298]
Event: 87.031 Thread 0x0000021f22d31c40 8408       4       org.springframework.boot.devtools.filewatch.FileSnapshot::hashCode (49 bytes)
Event: 87.061 Thread 0x0000021f22d31c40 nmethod 8408 0x0000021f16007910 code [0x0000021f16007ae0, 0x0000021f16008628]
Event: 88.740 Thread 0x0000021f22d32600 8409       3       java.util.concurrent.ThreadPoolExecutor::runStateAtLeast (11 bytes)
Event: 88.741 Thread 0x0000021f22d32600 nmethod 8409 0x0000021f0e7e6090 code [0x0000021f0e7e6220, 0x0000021f0e7e6378]
Event: 91.576 Thread 0x0000021f22d32600 8410       3       java.util.concurrent.ScheduledThreadPoolExecutor$DelayedWorkQueue::setIndex (16 bytes)
Event: 91.577 Thread 0x0000021f22d32600 nmethod 8410 0x0000021f0e698310 code [0x0000021f0e6984c0, 0x0000021f0e6987d8]
Event: 94.752 Thread 0x0000021f22d32600 8411       3       java.util.concurrent.TimeUnit::toNanos (45 bytes)
Event: 94.752 Thread 0x0000021f22d32600 nmethod 8411 0x0000021f0ed5f890 code [0x0000021f0ed5fa40, 0x0000021f0ed5fcb8]
Event: 95.271 Thread 0x0000021f22d32600 8412       1       java.lang.Thread::isInterrupted (5 bytes)
Event: 95.272 Thread 0x0000021f22d32600 nmethod 8412 0x0000021f16007610 code [0x0000021f160077a0, 0x0000021f16007878]
Event: 95.701 Thread 0x0000021f22d31c40 8413       4       java.util.concurrent.locks.AbstractQueuedSynchronizer::signalNext (34 bytes)
Event: 95.701 Thread 0x0000021f22d32600 8414       3       java.util.concurrent.locks.AbstractQueuedSynchronizer::releaseShared (19 bytes)
Event: 95.701 Thread 0x0000021f22d32600 nmethod 8414 0x0000021f0e961890 code [0x0000021f0e961a80, 0x0000021f0e961f08]
Event: 95.701 Thread 0x0000021f22d32600 8415       3       java.util.concurrent.locks.ReentrantReadWriteLock$ReadLock::lock (9 bytes)
Event: 95.702 Thread 0x0000021f22d32600 nmethod 8415 0x0000021f0e8f7990 code [0x0000021f0e8f7b40, 0x0000021f0e8f7c88]
Event: 95.702 Thread 0x0000021f22d31c40 nmethod 8413 0x0000021f160c0290 code [0x0000021f160c0420, 0x0000021f160c04f8]
Event: 95.822 Thread 0x0000021f22d32600 8416       3       java.io.File::listFiles (52 bytes)
Event: 95.823 Thread 0x0000021f22d32600 nmethod 8416 0x0000021f0f050090 code [0x0000021f0f050280, 0x0000021f0f0507f8]
Event: 97.488 Thread 0x0000021f22d31c40 8417       4       org.springframework.boot.devtools.filewatch.FileSnapshot::equals (110 bytes)

GC Heap History (20 events):
Event: 50.737 GC heap before
{Heap before GC invocations=31 (full 0):
 garbage-first heap   total 61440K, used 44683K [0x00000000a1200000, 0x0000000100000000)
  region size 1024K, 11 young (11264K), 1 survivors (1024K)
 Metaspace       used 68431K, committed 68992K, reserved 1114112K
  class space    used 9640K, committed 9920K, reserved 1048576K
}
Event: 50.741 GC heap after
{Heap after GC invocations=32 (full 0):
 garbage-first heap   total 61440K, used 36015K [0x00000000a1200000, 0x0000000100000000)
  region size 1024K, 2 young (2048K), 2 survivors (2048K)
 Metaspace       used 68431K, committed 68992K, reserved 1114112K
  class space    used 9640K, committed 9920K, reserved 1048576K
}
Event: 54.136 GC heap before
{Heap before GC invocations=32 (full 0):
 garbage-first heap   total 61440K, used 48303K [0x00000000a1200000, 0x0000000100000000)
  region size 1024K, 15 young (15360K), 2 survivors (2048K)
 Metaspace       used 70531K, committed 71168K, reserved 1114112K
  class space    used 9955K, committed 10240K, reserved 1048576K
}
Event: 54.144 GC heap after
{Heap after GC invocations=33 (full 0):
 garbage-first heap   total 61440K, used 36426K [0x00000000a1200000, 0x0000000100000000)
  region size 1024K, 2 young (2048K), 2 survivors (2048K)
 Metaspace       used 70531K, committed 71168K, reserved 1114112K
  class space    used 9955K, committed 10240K, reserved 1048576K
}
Event: 55.361 GC heap before
{Heap before GC invocations=34 (full 0):
 garbage-first heap   total 65536K, used 48714K [0x00000000a1200000, 0x0000000100000000)
  region size 1024K, 14 young (14336K), 2 survivors (2048K)
 Metaspace       used 70611K, committed 71232K, reserved 1114112K
  class space    used 9961K, committed 10240K, reserved 1048576K
}
Event: 55.368 GC heap after
{Heap after GC invocations=35 (full 0):
 garbage-first heap   total 65536K, used 36883K [0x00000000a1200000, 0x0000000100000000)
  region size 1024K, 2 young (2048K), 2 survivors (2048K)
 Metaspace       used 70611K, committed 71232K, reserved 1114112K
  class space    used 9961K, committed 10240K, reserved 1048576K
}
Event: 55.674 GC heap before
{Heap before GC invocations=35 (full 0):
 garbage-first heap   total 65536K, used 52243K [0x00000000a1200000, 0x0000000100000000)
  region size 1024K, 17 young (17408K), 2 survivors (2048K)
 Metaspace       used 70617K, committed 71232K, reserved 1114112K
  class space    used 9962K, committed 10240K, reserved 1048576K
}
Event: 55.688 GC heap after
{Heap after GC invocations=36 (full 0):
 garbage-first heap   total 65536K, used 41754K [0x00000000a1200000, 0x0000000100000000)
  region size 1024K, 3 young (3072K), 3 survivors (3072K)
 Metaspace       used 70617K, committed 71232K, reserved 1114112K
  class space    used 9962K, committed 10240K, reserved 1048576K
}
Event: 56.285 GC heap before
{Heap before GC invocations=37 (full 0):
 garbage-first heap   total 71680K, used 51994K [0x00000000a1200000, 0x0000000100000000)
  region size 1024K, 13 young (13312K), 3 survivors (3072K)
 Metaspace       used 70637K, committed 71232K, reserved 1114112K
  class space    used 9964K, committed 10240K, reserved 1048576K
}
Event: 56.298 GC heap after
{Heap after GC invocations=38 (full 0):
 garbage-first heap   total 71680K, used 44500K [0x00000000a1200000, 0x0000000100000000)
  region size 1024K, 2 young (2048K), 2 survivors (2048K)
 Metaspace       used 70637K, committed 71232K, reserved 1114112K
  class space    used 9964K, committed 10240K, reserved 1048576K
}
Event: 56.304 GC heap before
{Heap before GC invocations=38 (full 0):
 garbage-first heap   total 71680K, used 45524K [0x00000000a1200000, 0x0000000100000000)
  region size 1024K, 3 young (3072K), 2 survivors (2048K)
 Metaspace       used 70637K, committed 71232K, reserved 1114112K
  class space    used 9964K, committed 10240K, reserved 1048576K
}
Event: 56.316 GC heap after
{Heap after GC invocations=39 (full 0):
 garbage-first heap   total 71680K, used 44619K [0x00000000a1200000, 0x0000000100000000)
  region size 1024K, 1 young (1024K), 1 survivors (1024K)
 Metaspace       used 70637K, committed 71232K, reserved 1114112K
  class space    used 9964K, committed 10240K, reserved 1048576K
}
Event: 56.636 GC heap before
{Heap before GC invocations=39 (full 0):
 garbage-first heap   total 71680K, used 55883K [0x00000000a1200000, 0x0000000100000000)
  region size 1024K, 12 young (12288K), 1 survivors (1024K)
 Metaspace       used 70642K, committed 71232K, reserved 1114112K
  class space    used 9964K, committed 10240K, reserved 1048576K
}
Event: 56.651 GC heap after
{Heap after GC invocations=40 (full 0):
 garbage-first heap   total 172032K, used 49114K [0x00000000a1200000, 0x0000000100000000)
  region size 1024K, 2 young (2048K), 2 survivors (2048K)
 Metaspace       used 70642K, committed 71232K, reserved 1114112K
  class space    used 9964K, committed 10240K, reserved 1048576K
}
Event: 57.461 GC heap before
{Heap before GC invocations=41 (full 0):
 garbage-first heap   total 160768K, used 106458K [0x00000000a1200000, 0x0000000100000000)
  region size 1024K, 60 young (61440K), 2 survivors (2048K)
 Metaspace       used 70776K, committed 71424K, reserved 1114112K
  class space    used 9990K, committed 10304K, reserved 1048576K
}
Event: 57.480 GC heap after
{Heap after GC invocations=42 (full 0):
 garbage-first heap   total 160768K, used 50483K [0x00000000a1200000, 0x0000000100000000)
  region size 1024K, 6 young (6144K), 6 survivors (6144K)
 Metaspace       used 70776K, committed 71424K, reserved 1114112K
  class space    used 9990K, committed 10304K, reserved 1048576K
}
Event: 57.588 GC heap before
{Heap before GC invocations=42 (full 0):
 garbage-first heap   total 160768K, used 51507K [0x00000000a1200000, 0x0000000100000000)
  region size 1024K, 7 young (7168K), 6 survivors (6144K)
 Metaspace       used 70817K, committed 71424K, reserved 1114112K
  class space    used 9992K, committed 10304K, reserved 1048576K
}
Event: 57.600 GC heap after
{Heap after GC invocations=43 (full 0):
 garbage-first heap   total 160768K, used 50185K [0x00000000a1200000, 0x0000000100000000)
  region size 1024K, 1 young (1024K), 1 survivors (1024K)
 Metaspace       used 70817K, committed 71424K, reserved 1114112K
  class space    used 9992K, committed 10304K, reserved 1048576K
}
Event: 66.041 GC heap before
{Heap before GC invocations=43 (full 0):
 garbage-first heap   total 160768K, used 106505K [0x00000000a1200000, 0x0000000100000000)
  region size 1024K, 56 young (57344K), 1 survivors (1024K)
 Metaspace       used 75139K, committed 75776K, reserved 1114112K
  class space    used 10540K, committed 10816K, reserved 1048576K
}
Event: 66.055 GC heap after
{Heap after GC invocations=44 (full 0):
 garbage-first heap   total 160768K, used 53361K [0x00000000a1200000, 0x0000000100000000)
  region size 1024K, 4 young (4096K), 4 survivors (4096K)
 Metaspace       used 75139K, committed 75776K, reserved 1114112K
  class space    used 10540K, committed 10816K, reserved 1048576K
}

Deoptimization events (20 events):
Event: 66.838 Thread 0x0000021f68ac4060 Uncommon trap: trap_request=0xffffffde fr.pc=0x0000021f1645b524 relative=0x0000000000000264
Event: 66.838 Thread 0x0000021f68ac4060 Uncommon trap: reason=class_check action=maybe_recompile pc=0x0000021f1645b524 method=org.springframework.core.ResolvableType.resolveType()Lorg/springframework/core/ResolvableType; @ 44 c2
Event: 66.849 Thread 0x0000021f68ac4060 DEOPT PACKING pc=0x0000021f1645b524 sp=0x00000094574fdbd0
Event: 66.849 Thread 0x0000021f68ac4060 DEOPT UNPACKING pc=0x0000021f159b23a3 sp=0x00000094574fdb58 mode 2
Event: 66.849 Thread 0x0000021f68ac4060 Uncommon trap: trap_request=0xffffffde fr.pc=0x0000021f160e3c38 relative=0x0000000000000698
Event: 66.849 Thread 0x0000021f68ac4060 Uncommon trap: reason=class_check action=maybe_recompile pc=0x0000021f160e3c38 method=org.springframework.core.ResolvableType.resolveType()Lorg/springframework/core/ResolvableType; @ 44 c2
Event: 66.849 Thread 0x0000021f68ac4060 DEOPT PACKING pc=0x0000021f160e3c38 sp=0x00000094574fdcf0
Event: 66.849 Thread 0x0000021f68ac4060 DEOPT UNPACKING pc=0x0000021f159b23a3 sp=0x00000094574fdc08 mode 2
Event: 66.850 Thread 0x0000021f68ac4060 Uncommon trap: trap_request=0xffffffde fr.pc=0x0000021f160e3c38 relative=0x0000000000000698
Event: 66.850 Thread 0x0000021f68ac4060 Uncommon trap: reason=class_check action=maybe_recompile pc=0x0000021f160e3c38 method=org.springframework.core.ResolvableType.resolveType()Lorg/springframework/core/ResolvableType; @ 44 c2
Event: 66.850 Thread 0x0000021f68ac4060 DEOPT PACKING pc=0x0000021f160e3c38 sp=0x00000094574fdcf0
Event: 66.850 Thread 0x0000021f68ac4060 DEOPT UNPACKING pc=0x0000021f159b23a3 sp=0x00000094574fdc08 mode 2
Event: 66.850 Thread 0x0000021f68ac4060 Uncommon trap: trap_request=0xffffffde fr.pc=0x0000021f1645b524 relative=0x0000000000000264
Event: 66.850 Thread 0x0000021f68ac4060 Uncommon trap: reason=class_check action=maybe_recompile pc=0x0000021f1645b524 method=org.springframework.core.ResolvableType.resolveType()Lorg/springframework/core/ResolvableType; @ 44 c2
Event: 66.850 Thread 0x0000021f68ac4060 DEOPT PACKING pc=0x0000021f1645b524 sp=0x00000094574fdc40
Event: 66.850 Thread 0x0000021f68ac4060 DEOPT UNPACKING pc=0x0000021f159b23a3 sp=0x00000094574fdbc8 mode 2
Event: 66.850 Thread 0x0000021f68ac4060 Uncommon trap: trap_request=0xffffffde fr.pc=0x0000021f160e3c38 relative=0x0000000000000698
Event: 66.850 Thread 0x0000021f68ac4060 Uncommon trap: reason=class_check action=maybe_recompile pc=0x0000021f160e3c38 method=org.springframework.core.ResolvableType.resolveType()Lorg/springframework/core/ResolvableType; @ 44 c2
Event: 66.850 Thread 0x0000021f68ac4060 DEOPT PACKING pc=0x0000021f160e3c38 sp=0x00000094574fdd60
Event: 66.850 Thread 0x0000021f68ac4060 DEOPT UNPACKING pc=0x0000021f159b23a3 sp=0x00000094574fdc78 mode 2

Classes unloaded (1 events):
Event: 56.794 Thread 0x0000021f22d058f0 Unloading class 0x0000021f24a20800 'jdk/internal/reflect/GeneratedSerializationConstructorAccessor1'

Classes redefined (0 events):
No events

Internal exceptions (20 events):
Event: 44.982 Thread 0x0000021f68ac4060 Exception <a 'java/lang/reflect/InvocationTargetException'{0x00000000a429cf58}> (0x00000000a429cf58) 
thrown [s\open\src\hotspot\share\runtime\reflection.cpp, line 1121]
Event: 45.033 Thread 0x0000021f68ac4060 Exception <a 'java/lang/reflect/InvocationTargetException'{0x00000000a4121318}> (0x00000000a4121318) 
thrown [s\open\src\hotspot\share\runtime\reflection.cpp, line 1121]
Event: 51.781 Thread 0x0000021f68ac4060 Exception <a 'java/lang/reflect/InvocationTargetException'{0x00000000a4a58d98}> (0x00000000a4a58d98) 
thrown [s\open\src\hotspot\share\runtime\reflection.cpp, line 1121]
Event: 51.890 Thread 0x0000021f68ac4060 Implicit null exception at 0x0000021f160924f5 to 0x0000021f16092ad4
Event: 52.022 Thread 0x0000021f68ac4060 Exception <a 'java/lang/NoSuchMethodError'{0x00000000a47b7588}: 'int java.lang.invoke.DirectMethodHandle$Holder.invokeStaticInit(java.lang.Object, int, java.lang.Object, java.lang.Object, java.lang.Object, java.lang.Object)'> (0x00000000a47b7588) 
thrown [s\open\src\hotspot\share\interpreter\linkResolver.cpp, line 759]
Event: 52.098 Thread 0x0000021f68ac4060 Implicit null exception at 0x0000021f162150f2 to 0x0000021f162156dc
Event: 54.378 Thread 0x0000021f68ac4060 Exception <a 'java/lang/reflect/InvocationTargetException'{0x00000000a71e6690}> (0x00000000a71e6690) 
thrown [s\open\src\hotspot\share\runtime\reflection.cpp, line 1121]
Event: 54.770 Thread 0x0000021f68ac4060 Exception <a 'java/lang/reflect/InvocationTargetException'{0x00000000a4d57260}> (0x00000000a4d57260) 
thrown [s\open\src\hotspot\share\runtime\reflection.cpp, line 1121]
Event: 58.262 Thread 0x0000021f68ac4060 Exception <a 'java/lang/reflect/InvocationTargetException'{0x00000000aac36c08}> (0x00000000aac36c08) 
thrown [s\open\src\hotspot\share\runtime\reflection.cpp, line 1121]
Event: 58.881 Thread 0x0000021f68ac4060 Exception <a 'java/lang/reflect/InvocationTargetException'{0x00000000aaa183d8}> (0x00000000aaa183d8) 
thrown [s\open\src\hotspot\share\runtime\reflection.cpp, line 1121]
Event: 63.200 Thread 0x0000021f68ac4060 Exception <a 'sun/nio/fs/WindowsException'{0x00000000a8e00000}> (0x00000000a8e00000) 
thrown [s\open\src\hotspot\share\prims\jni.cpp, line 516]
Event: 63.279 Thread 0x0000021f68ac4060 Implicit null exception at 0x0000021f16420b98 to 0x0000021f16421c78
Event: 63.507 Thread 0x0000021f68ac4060 Exception <a 'java/lang/IncompatibleClassChangeError'{0x00000000a8a58048}: Found class java.lang.Object, but interface was expected> (0x00000000a8a58048) 
thrown [s\open\src\hotspot\share\interpreter\linkResolver.cpp, line 826]
Event: 64.872 Thread 0x0000021f68ac4060 Exception <a 'java/lang/NoSuchMethodError'{0x00000000a7e60818}: 'java.lang.Object java.lang.invoke.DirectMethodHandle$Holder.invokeInterface(java.lang.Object, java.lang.Object, java.lang.Object, java.lang.Object)'> (0x00000000a7e60818) 
thrown [s\open\src\hotspot\share\interpreter\linkResolver.cpp, line 759]
Event: 65.853 Thread 0x0000021f68ac4060 Exception <a 'java/lang/NoSuchMethodError'{0x00000000a794b588}: 'int java.lang.invoke.DirectMethodHandle$Holder.invokeStaticInit(java.lang.Object, java.lang.Object, java.lang.Object, java.lang.Object)'> (0x00000000a794b588) 
thrown [s\open\src\hotspot\share\interpreter\linkResolver.cpp, line 759]
Event: 66.035 Thread 0x0000021f68ac4060 Exception <a 'java/lang/IncompatibleClassChangeError'{0x00000000a77e4a18}: Found class java.lang.Object, but interface was expected> (0x00000000a77e4a18) 
thrown [s\open\src\hotspot\share\interpreter\linkResolver.cpp, line 826]
Event: 66.101 Thread 0x0000021f68ac4060 Implicit null exception at 0x0000021f1645ad13 to 0x0000021f1645adf4
Event: 66.189 Thread 0x0000021f68ac4060 Exception <a 'java/lang/NoSuchMethodError'{0x00000000aade0ba8}: 'java.lang.Object java.lang.invoke.DirectMethodHandle$Holder.invokeSpecial(java.lang.Object, java.lang.Object, java.lang.Object, java.lang.Object, java.lang.Object, java.lang.Object, java.lang.Object, java.lang.Object, java.lang.Object, java.lang.Object, java.lang.Object)'> (0x00000000aade0ba8) 
thrown [s\open\src\hotspot\share\interpreter\linkResolver.cpp, line 759]
Event: 66.190 Thread 0x0000021f68ac4060 Exception <a 'java/lang/NoSuchMethodError'{0x00000000aade4f90}: 'java.lang.Object java.lang.invoke.Invokers$Holder.invoke_MT(java.lang.Object, java.lang.Object, java.lang.Object, java.lang.Object, java.lang.Object, java.lang.Object, java.lang.Object, java.lang.Object, java.lang.Object, java.lang.Object, java.lang.Object)'> (0x00000000aade4f90) 
thrown [s\open\src\hotspot\share\interpreter\linkResolver.cpp, line 759]
Event: 66.607 Thread 0x0000021f68ac4060 Exception <a 'java/lang/NoSuchMethodError'{0x00000000aa7260e8}: 'java.lang.Object java.lang.invoke.DirectMethodHandle$Holder.newInvokeSpecial(java.lang.Object, java.lang.Object, int, java.lang.Object, java.lang.Object)'> (0x00000000aa7260e8) 
thrown [s\open\src\hotspot\share\interpreter\linkResolver.cpp, line 759]

VM Operations (20 events):
Event: 64.673 Executing VM operation: HandshakeAllThreads
Event: 64.673 Executing VM operation: HandshakeAllThreads done
Event: 64.704 Executing VM operation: HandshakeAllThreads
Event: 64.705 Executing VM operation: HandshakeAllThreads done
Event: 65.720 Executing VM operation: Cleanup
Event: 65.721 Executing VM operation: Cleanup done
Event: 65.782 Executing VM operation: HandshakeAllThreads
Event: 65.782 Executing VM operation: HandshakeAllThreads done
Event: 66.040 Executing VM operation: G1CollectForAllocation
Event: 66.056 Executing VM operation: G1CollectForAllocation done
Event: 66.603 Executing VM operation: HandshakeAllThreads
Event: 66.603 Executing VM operation: HandshakeAllThreads done
Event: 67.617 Executing VM operation: Cleanup
Event: 67.618 Executing VM operation: Cleanup done
Event: 68.624 Executing VM operation: Cleanup
Event: 68.624 Executing VM operation: Cleanup done
Event: 85.797 Executing VM operation: Cleanup
Event: 85.797 Executing VM operation: Cleanup done
Event: 87.826 Executing VM operation: Cleanup
Event: 87.826 Executing VM operation: Cleanup done

Events (20 events):
Event: 66.870 loading class com/sun/beans/introspect/ClassInfo done
Event: 66.870 loading class com/sun/beans/introspect/ClassInfo$1
Event: 66.870 loading class com/sun/beans/util/Cache
Event: 66.871 loading class com/sun/beans/util/Cache done
Event: 66.871 loading class com/sun/beans/introspect/ClassInfo$1 done
Event: 66.871 loading class com/sun/beans/util/Cache$Kind
Event: 66.871 loading class com/sun/beans/util/Cache$Kind done
Event: 66.871 loading class com/sun/beans/util/Cache$Kind$1
Event: 66.871 loading class com/sun/beans/util/Cache$Kind$1 done
Event: 66.871 loading class com/sun/beans/util/Cache$Kind$2
Event: 66.871 loading class com/sun/beans/util/Cache$Kind$2 done
Event: 66.872 loading class com/sun/beans/util/Cache$Kind$3
Event: 66.872 loading class com/sun/beans/util/Cache$Kind$3 done
Event: 66.872 loading class com/sun/beans/util/Cache$CacheEntry
Event: 66.872 loading class com/sun/beans/util/Cache$CacheEntry done
Event: 66.873 Thread 0x0000021f6859a8c0 Thread exited: 0x0000021f6859a8c0
Event: 66.874 Thread 0x0000021f06b79a40 Thread exited: 0x0000021f06b79a40
Event: 66.874 Thread 0x0000021f686cd990 Thread added: 0x0000021f686cd990
Event: 66.885 loading class java/nio/channels/spi/AbstractSelector$1
Event: 66.885 loading class java/nio/channels/spi/AbstractSelector$1 done


Dynamic libraries:
0x00007ff7656d0000 - 0x00007ff7656e0000 	C:\Program Files\Java\jdk-17\bin\java.exe
0x00007ffd80740000 - 0x00007ffd809a8000 	C:\WINDOWS\SYSTEM32\ntdll.dll
0x00007ffd7f640000 - 0x00007ffd7f709000 	C:\WINDOWS\System32\KERNEL32.DLL
0x00007ffd7de00000 - 0x00007ffd7e1ed000 	C:\WINDOWS\System32\KERNELBASE.dll
0x00007ffd7d890000 - 0x00007ffd7d9db000 	C:\WINDOWS\System32\ucrtbase.dll
0x00007ffd63a60000 - 0x00007ffd63a79000 	C:\Program Files\Java\jdk-17\bin\jli.dll
0x00007ffd7e560000 - 0x00007ffd7e614000 	C:\WINDOWS\System32\ADVAPI32.dll
0x00007ffd80310000 - 0x00007ffd803b9000 	C:\WINDOWS\System32\msvcrt.dll
0x00007ffd804e0000 - 0x00007ffd80586000 	C:\WINDOWS\System32\sechost.dll
0x00007ffd7f040000 - 0x00007ffd7f158000 	C:\WINDOWS\System32\RPCRT4.dll
0x00007ffd7e690000 - 0x00007ffd7e85c000 	C:\WINDOWS\System32\USER32.dll
0x00007ffd7e4b0000 - 0x00007ffd7e4d7000 	C:\WINDOWS\System32\win32u.dll
0x00007ffd7eab0000 - 0x00007ffd7eadb000 	C:\WINDOWS\System32\GDI32.dll
0x00007ffd7e370000 - 0x00007ffd7e4a7000 	C:\WINDOWS\System32\gdi32full.dll
0x00007ffd7dbf0000 - 0x00007ffd7dc93000 	C:\WINDOWS\System32\msvcp_win.dll
0x00007ffd43ff0000 - 0x00007ffd4400b000 	C:\Program Files\Java\jdk-17\bin\VCRUNTIME140.dll
0x00007ffd6ec80000 - 0x00007ffd6ef1a000 	C:\WINDOWS\WinSxS\amd64_microsoft.windows.common-controls_6595b64144ccf1df_6.0.26100.4484_none_3e0e6d4ce32ef3b3\COMCTL32.dll
0x00007ffd77990000 - 0x00007ffd7799b000 	C:\WINDOWS\SYSTEM32\VERSION.dll
0x00007ffd80490000 - 0x00007ffd804bf000 	C:\WINDOWS\System32\IMM32.DLL
0x00007ffd78730000 - 0x00007ffd7873c000 	C:\Program Files\Java\jdk-17\bin\vcruntime140_1.dll
0x00007ffd3f500000 - 0x00007ffd3f58e000 	C:\Program Files\Java\jdk-17\bin\msvcp140.dll
0x00007ffcfd730000 - 0x00007ffcfe310000 	C:\Program Files\Java\jdk-17\bin\server\jvm.dll
0x00007ffd7e860000 - 0x00007ffd7e868000 	C:\WINDOWS\System32\PSAPI.DLL
0x00007ffd78700000 - 0x00007ffd7870a000 	C:\WINDOWS\SYSTEM32\WSOCK32.dll
0x00007ffd7ea20000 - 0x00007ffd7ea94000 	C:\WINDOWS\System32\WS2_32.dll
0x00007ffd77950000 - 0x00007ffd77985000 	C:\WINDOWS\SYSTEM32\WINMM.dll
0x00007ffd7c600000 - 0x00007ffd7c61b000 	C:\WINDOWS\SYSTEM32\kernel.appcore.dll
0x00007ffd786a0000 - 0x00007ffd786aa000 	C:\Program Files\Java\jdk-17\bin\jimage.dll
0x00007ffd6f090000 - 0x00007ffd6f2d1000 	C:\WINDOWS\SYSTEM32\DBGHELP.DLL
0x00007ffd7ff20000 - 0x00007ffd802a6000 	C:\WINDOWS\System32\combase.dll
0x00007ffd7eae0000 - 0x00007ffd7ebc0000 	C:\WINDOWS\System32\OLEAUT32.dll
0x00007ffd60ca0000 - 0x00007ffd60ce3000 	C:\WINDOWS\SYSTEM32\dbgcore.DLL
0x00007ffd7dca0000 - 0x00007ffd7dd39000 	C:\WINDOWS\System32\bcryptPrimitives.dll
0x00007ffd63a20000 - 0x00007ffd63a2e000 	C:\Program Files\Java\jdk-17\bin\instrument.dll
0x00007ffd40430000 - 0x00007ffd40455000 	C:\Program Files\Java\jdk-17\bin\java.dll
0x00007ffd3d300000 - 0x00007ffd3d3d7000 	C:\Program Files\Java\jdk-17\bin\jsvml.dll
0x00007ffd7f7d0000 - 0x00007ffd7ff1a000 	C:\WINDOWS\System32\SHELL32.dll
0x00007ffd7e1f0000 - 0x00007ffd7e364000 	C:\WINDOWS\System32\wintypes.dll
0x00007ffd7b4c0000 - 0x00007ffd7bd1b000 	C:\WINDOWS\SYSTEM32\windows.storage.dll
0x00007ffd7edb0000 - 0x00007ffd7eea5000 	C:\WINDOWS\System32\SHCORE.dll
0x00007ffd7e620000 - 0x00007ffd7e68a000 	C:\WINDOWS\System32\shlwapi.dll
0x00007ffd7d770000 - 0x00007ffd7d79f000 	C:\WINDOWS\SYSTEM32\profapi.dll
0x00007ffd40db0000 - 0x00007ffd40dc8000 	C:\Program Files\Java\jdk-17\bin\zip.dll
0x00007ffd40410000 - 0x00007ffd40429000 	C:\Program Files\Java\jdk-17\bin\net.dll
0x00007ffd713c0000 - 0x00007ffd714de000 	C:\WINDOWS\SYSTEM32\WINHTTP.dll
0x00007ffd7cb60000 - 0x00007ffd7cbca000 	C:\WINDOWS\system32\mswsock.dll
0x00007ffd402a0000 - 0x00007ffd402b6000 	C:\Program Files\Java\jdk-17\bin\nio.dll
0x00007ffd63910000 - 0x00007ffd6391a000 	C:\Program Files\Java\jdk-17\bin\management.dll
0x00007ffd5d970000 - 0x00007ffd5d97b000 	C:\Program Files\Java\jdk-17\bin\management_ext.dll
0x00007ffd5d910000 - 0x00007ffd5d91e000 	C:\Program Files\Java\jdk-17\bin\sunmscapi.dll
0x00007ffd7d9e0000 - 0x00007ffd7db57000 	C:\WINDOWS\System32\CRYPT32.dll
0x00007ffd7d090000 - 0x00007ffd7d0c0000 	C:\WINDOWS\SYSTEM32\ncrypt.dll
0x00007ffd7d040000 - 0x00007ffd7d07f000 	C:\WINDOWS\SYSTEM32\NTASN1.dll
0x00007ffd7cf40000 - 0x00007ffd7cf5b000 	C:\WINDOWS\SYSTEM32\CRYPTSP.dll
0x00007ffd7c560000 - 0x00007ffd7c59a000 	C:\WINDOWS\system32\rsaenh.dll
0x00007ffd7cc00000 - 0x00007ffd7cc2b000 	C:\WINDOWS\SYSTEM32\USERENV.dll
0x00007ffd7d7b0000 - 0x00007ffd7d7d6000 	C:\WINDOWS\SYSTEM32\bcrypt.dll
0x00007ffd7cda0000 - 0x00007ffd7cdac000 	C:\WINDOWS\SYSTEM32\CRYPTBASE.dll
0x00007ffd7c150000 - 0x00007ffd7c183000 	C:\WINDOWS\SYSTEM32\IPHLPAPI.DLL
0x00007ffd7eaa0000 - 0x00007ffd7eaaa000 	C:\WINDOWS\System32\NSI.dll
0x00007ffd71390000 - 0x00007ffd713af000 	C:\WINDOWS\SYSTEM32\dhcpcsvc6.DLL
0x00007ffd71170000 - 0x00007ffd71195000 	C:\WINDOWS\SYSTEM32\dhcpcsvc.DLL
0x00007ffd7c190000 - 0x00007ffd7c2b6000 	C:\WINDOWS\SYSTEM32\DNSAPI.dll
0x00007ffd786b0000 - 0x00007ffd786c0000 	C:\Program Files\Java\jdk-17\bin\verify.dll
0x00007ffd6c910000 - 0x00007ffd6c91b000 	C:\Windows\System32\rasadhlp.dll
0x00007ffd6fbf0000 - 0x00007ffd6fc76000 	C:\WINDOWS\System32\fwpuclnt.dll
0x00007ffd6e8c0000 - 0x00007ffd6e8c8000 	C:\WINDOWS\system32\wshunix.dll

dbghelp: loaded successfully - version: 4.0.5 - missing functions: none
symbol engine: initialized successfully - sym options: 0x614 - pdb path: .;C:\Program Files\Java\jdk-17\bin;C:\WINDOWS\SYSTEM32;C:\WINDOWS\WinSxS\amd64_microsoft.windows.common-controls_6595b64144ccf1df_6.0.26100.4484_none_3e0e6d4ce32ef3b3;C:\Program Files\Java\jdk-17\bin\server

VM Arguments:
jvm_args: -javaagent:C:\Program Files\JetBrains\IntelliJ IDEA Community Edition 2024.3.5\lib\idea_rt.jar=57870 -Dfile.encoding=UTF-8 
java_command: com.sonatel.recouvrement.RecouvrementBackendApplication
java_class_path (initial): C:\Mansour_extension\Stages_SONATEL\Projet\Plateforme_de_suivi_du_taux_de_recouvrement_de_sonatel\recouvrement_backend\target\classes;C:\Users\User\.m2\repository\org\springframework\boot\spring-boot-starter-data-jpa\3.5.0\spring-boot-starter-data-jpa-3.5.0.jar;C:\Users\User\.m2\repository\org\springframework\boot\spring-boot-starter\3.5.0\spring-boot-starter-3.5.0.jar;C:\Users\User\.m2\repository\org\springframework\boot\spring-boot-starter-logging\3.5.0\spring-boot-starter-logging-3.5.0.jar;C:\Users\User\.m2\repository\ch\qos\logback\logback-classic\1.5.18\logback-classic-1.5.18.jar;C:\Users\User\.m2\repository\ch\qos\logback\logback-core\1.5.18\logback-core-1.5.18.jar;C:\Users\User\.m2\repository\org\apache\logging\log4j\log4j-to-slf4j\2.24.3\log4j-to-slf4j-2.24.3.jar;C:\Users\User\.m2\repository\org\apache\logging\log4j\log4j-api\2.24.3\log4j-api-2.24.3.jar;C:\Users\User\.m2\repository\org\slf4j\jul-to-slf4j\2.0.17\jul-to-slf4j-2.0.17.jar;C:\Users\User\.m2\repository\jakarta\annotation\jakarta.annotation-api\2.1.1\jakarta.annotation-api-2.1.1.jar;C:\Users\User\.m2\repository\org\yaml\snakeyaml\2.4\snakeyaml-2.4.jar;C:\Users\User\.m2\repository\org\springframework\boot\spring-boot-starter-jdbc\3.5.0\spring-boot-starter-jdbc-3.5.0.jar;C:\Users\User\.m2\repository\com\zaxxer\HikariCP\6.3.0\HikariCP-6.3.0.jar;C:\Users\User\.m2\repository\org\springframework\spring-jdbc\6.2.7\spring-jdbc-6.2.7.jar;C:\Users\User\.m2\repository\org\hibernate\orm\hibernate-core\6.6.15.Final\hibernate-core-6.6.15.Final.jar;C:\Users\User\.m2\repository\jakarta\persistence\jakarta.persistence-api\3.1.0\jakarta.persistence-api-3.1.0.jar;C:\Users\User\.m2\repository\jakarta\transaction\jakarta.transaction-api\2.0.1\jakarta.transaction-api-2.0.1.jar;C:\Users\User\.m2\repository\org\hibernate\common\hibernate-commons-annotations\7.0.3.Final\hibernate-commons-annotations-7.0.3.Final.jar;C:\Users\User\.m2\repository\io\smallrye\jandex\3.2.0\jandex-3.2.0.jar;C:\Users\
Launcher Type: SUN_STANDARD

[Global flags]

[error occurred during error reporting (printing flags), id 0xe0000001, Out of Memory Error (s\open\src\hotspot\share\memory\allocation.cpp:44)]

Logging:
Log output configuration:
 #0: stdout all=warning uptime,level,tags
 #1: stderr all=off uptime,level,tags

Environment Variables:
PATH=C:\Python313\Scripts\;C:\Python313\;C:\Program Files\Java\jdk-21\bin;C:\WINDOWS\system32;C:\WINDOWS;C:\WINDOWS\System32\Wbem;C:\WINDOWS\System32\WindowsPowerShell\v1.0\;C:\WINDOWS\System32\OpenSSH\;C:\Program Files\PuTTY\;C:\Mansour extension\POO\Java\jdk-23\bin;C:\Program Files\nodejs\;C:\ProgramData\chocolatey\bin;C:\apache-maven-3.9.9\bin;C:\Program Files\Git\cmd;C:\Users\User\AppData\Local\Microsoft\WindowsApps;C:\Users\User\AppData\Local\Programs\Microsoft VS Code\bin;C:\MinGW\bin;C:\Users\User\AppData\Local\GitHubDesktop\bin;C:\Users\User\OneDrive\Bureau\platform-tools;C:\xampp\mysql\bin;C:\Users\User\AppData\Roaming\npm;C:\Program Files\JetBrains\IntelliJ IDEA Community Edition 2024.3.5\bin;;C:\Mansour extension\Stages_SONATEL\Projet\maven-mvnd-1.0.2-windows-amd64\bin;C:\Program Files\Java\jdk-21\bin;
USERNAME=User
OS=Windows_NT
PROCESSOR_IDENTIFIER=AMD64 Family 23 Model 32 Stepping 1, AuthenticAMD



---------------  S Y S T E M  ---------------

OS:
 Windows 11 , 64 bit Build 26100 (10.0.26100.4484)
OS uptime: 0 days 21:23 hours
Hyper-V role detected

CPU: total 2 (initial active 2) (2 cores per cpu, 1 threads per core) family 23 model 32 stepping 1 microcode 0x8200103, cx8, cmov, fxsr, mmx, 3dnowpref, sse, sse2, sse3, ssse3, sse4a, sse4.1, sse4.2, popcnt, lzcnt, tsc, tscinvbit, avx, avx2, aes, clmul, bmi1, bmi2, adx, sha, fma, vzeroupper, clflush, clflushopt, hv

Memory: 4k page, system-wide physical 6064M (697M free)
TotalPageFile size 11651M (AvailPageFile size 0M)
current process WorkingSet (physical memory assigned to process): 314M, peak: 336M
current process commit charge ("private bytes"): 372M, peak: 388M

vm_info: Java HotSpot(TM) 64-Bit Server VM (17.0.12+8-LTS-286) for windows-amd64 JRE (17.0.12+8-LTS-286), built on Jun  5 2024 06:46:59 by "mach5one" with MS VC++ 17.6 (VS2022)

END.
